#
# There is insufficient memory for the Java Runtime Environment to continue.
# Native memory allocation (malloc) failed to allocate 1520416 bytes for Chunk::new
# Possible reasons:
#   The system is out of physical RAM or swap space
#   In 32 bit mode, the process size limit was hit
# Possible solutions:
#   Reduce memory load on the system
#   Increase physical memory or swap space
#   Check if swap backing store is full
#   Use 64 bit Java on a 64 bit OS
#   Decrease Java heap size (-Xmx/-Xms)
#   Decrease number of Java threads
#   Decrease Java thread stack sizes (-Xss)
#   Set larger code cache with -XX:ReservedCodeCacheSize=
# This output file may be truncated or incomplete.
#
#  Out of Memory Error (allocation.cpp:390), pid=6664, tid=4620
#
# JRE version: Java(TM) SE Runtime Environment (8.0_66-b18) (build 1.8.0_66-b18)
# Java VM: Java HotSpot(TM) 64-Bit Server VM (25.66-b18 mixed mode windows-amd64 compressed oops)
# Failed to write core dump. Minidumps are not enabled by default on client versions of Windows
#

---------------  T H R E A D  ---------------

Current thread (0x0000000058bf5000):  JavaThread "C2 CompilerThread1" daemon [_thread_in_native, id=4620, stack(0x0000000059350000,0x0000000059450000)]

Stack: [0x0000000059350000,0x0000000059450000]
[error occurred during error reporting (printing stack bounds), id 0xc0000005]

Native frames: (J=compiled Java code, j=interpreted, Vv=VM code, C=native code)


Current CompileTask:
C2:  10135 2858   !   4       java.net.URLClassLoader$1::run (63 bytes)


---------------  P R O C E S S  ---------------

Java Threads: ( => current thread )
  0x000000005b876800 JavaThread "localhost-startStop-1" daemon [_thread_in_Java, id=9584, stack(0x000000005e1e0000,0x000000005e2e0000)]
  0x000000005b82e000 JavaThread "Tomcat-startStop-1" daemon [_thread_blocked, id=13340, stack(0x000000005c360000,0x000000005c460000)]
  0x000000005a792800 JavaThread "JMX server connection timeout 17" daemon [_thread_blocked, id=7240, stack(0x000000005bfe0000,0x000000005c0e0000)]
  0x000000005a796000 JavaThread "RMI TCP Connection(2)-192.168.3.249" daemon [_thread_in_native, id=14984, stack(0x000000005ae40000,0x000000005af40000)]
  0x000000005a658800 JavaThread "RMI Scheduler(0)" daemon [_thread_blocked, id=3796, stack(0x000000005ac20000,0x000000005ad20000)]
  0x000000005a686000 JavaThread "RMI TCP Connection(1)-127.0.0.1" daemon [_thread_in_native, id=15052, stack(0x000000005aad0000,0x000000005abd0000)]
  0x000000005a2c6000 JavaThread "RMI TCP Accept-0" daemon [_thread_in_native, id=12196, stack(0x0000000059b70000,0x0000000059c70000)]
  0x000000005a2a4800 JavaThread "RMI TCP Accept-11198" daemon [_thread_in_native, id=16244, stack(0x0000000059d20000,0x0000000059e20000)]
  0x0000000058fee000 JavaThread "RMI TCP Accept-0" daemon [_thread_in_native, id=14348, stack(0x0000000059820000,0x0000000059920000)]
  0x0000000058c79000 JavaThread "Service Thread" daemon [_thread_blocked, id=14472, stack(0x00000000594f0000,0x00000000595f0000)]
  0x0000000058c0f000 JavaThread "C1 CompilerThread2" daemon [_thread_in_native, id=496, stack(0x0000000059050000,0x0000000059150000)]
=>0x0000000058bf5000 JavaThread "C2 CompilerThread1" daemon [_thread_in_native, id=4620, stack(0x0000000059350000,0x0000000059450000)]
  0x0000000058bf3000 JavaThread "C2 CompilerThread0" daemon [_thread_in_native, id=16392, stack(0x00000000591b0000,0x00000000592b0000)]
  0x00000000577fc000 JavaThread "Attach Listener" daemon [_thread_blocked, id=16588, stack(0x0000000058980000,0x0000000058a80000)]
  0x00000000577fb000 JavaThread "Signal Dispatcher" daemon [_thread_blocked, id=4300, stack(0x0000000058740000,0x0000000058840000)]
  0x000000005779c000 JavaThread "Finalizer" daemon [_thread_blocked, id=15204, stack(0x0000000058af0000,0x0000000058bf0000)]
  0x0000000057795000 JavaThread "Reference Handler" daemon [_thread_blocked, id=12736, stack(0x0000000058850000,0x0000000058950000)]
  0x0000000001ddb000 JavaThread "main" [_thread_blocked, id=1624, stack(0x0000000002480000,0x0000000002580000)]

Other Threads:
  0x000000005778f000 VMThread [stack: 0x0000000058630000,0x0000000058730000] [id=12724]
  0x000000005a2cc000 WatcherThread [stack: 0x0000000059ee0000,0x0000000059fe0000] [id=14316]

VM state:not at safepoint (normal execution)

VM Mutex/Monitor currently owned by a thread: None

Heap:
 PSYoungGen      total 71680K, used 32660K [0x00000000d5b00000, 0x00000000da600000, 0x0000000100000000)
  eden space 66560K, 41% used [0x00000000d5b00000,0x00000000d75ea5d0,0x00000000d9c00000)
  from space 5120K, 99% used [0x00000000d9c00000,0x00000000da0faaf0,0x00000000da100000)
  to   space 5120K, 0% used [0x00000000da100000,0x00000000da100000,0x00000000da600000)
 ParOldGen       total 56832K, used 14168K [0x0000000081000000, 0x0000000084780000, 0x00000000d5b00000)
  object space 56832K, 24% used [0x0000000081000000,0x0000000081dd6100,0x0000000084780000)
 Metaspace       used 27724K, capacity 27990K, committed 28416K, reserved 1075200K
  class space    used 3397K, capacity 3488K, committed 3584K, reserved 1048576K

Card table byte_map: [0x0000000011c10000,0x0000000012010000] byte_map_base: 0x0000000011808000

Marking Bits: (ParMarkBitMap*) 0x000000006fe9a5b0
 Begin Bits: [0x0000000012a80000, 0x0000000014a40000)
 End Bits:   [0x0000000014a40000, 0x0000000016a00000)

Polling page: 0x0000000000640000

CodeCache: size=245760Kb used=10772Kb max_used=10772Kb free=234988Kb
 bounds [0x0000000002850000, 0x00000000032e0000, 0x0000000011850000]
 total_blobs=3378 nmethods=2979 adapters=311
 compilation: enabled

Compilation events (10 events):
Event: 10.130 Thread 0x0000000058c0f000 3016       3       org.springframework.asm.MethodVisitor::visitIntInsn (17 bytes)
Event: 10.130 Thread 0x0000000058c0f000 nmethod 3016 0x00000000032d9c50 code [0x00000000032d9dc0, 0x00000000032da008]
Event: 10.130 Thread 0x0000000058c0f000 3017       3       org.springframework.asm.MethodWriter::visitSwitchInsn (140 bytes)
Event: 10.131 Thread 0x0000000058c0f000 nmethod 3017 0x00000000032da0d0 code [0x00000000032da2c0, 0x00000000032daa18]
Event: 10.131 Thread 0x0000000058c0f000 3018       3       org.springframework.cglib.core.CodeEmitter::aaload (10 bytes)
Event: 10.131 Thread 0x0000000058c0f000 nmethod 3018 0x00000000032dae10 code [0x00000000032daf80, 0x00000000032db318]
Event: 10.131 Thread 0x0000000058c0f000 3019       3       org.springframework.cglib.core.CodeEmitter::aaload (10 bytes)
Event: 10.131 Thread 0x0000000058c0f000 nmethod 3019 0x00000000032db450 code [0x00000000032db5c0, 0x00000000032db7e8]
Event: 10.132 Thread 0x0000000058c0f000 3020   !   3       java.util.ArrayList$Itr::remove (68 bytes)
Event: 10.132 Thread 0x0000000058c0f000 nmethod 3020 0x00000000032db890 code [0x00000000032dba40, 0x00000000032dc018]

GC Heap History (10 events):
Event: 5.478 GC heap before
{Heap before GC invocations=2 (full 0):
 PSYoungGen      total 38400K, used 38255K [0x00000000d5b00000, 0x00000000d8580000, 0x0000000100000000)
  eden space 33280K, 100% used [0x00000000d5b00000,0x00000000d7b80000,0x00000000d7b80000)
  from space 5120K, 97% used [0x00000000d7b80000,0x00000000d805bfc8,0x00000000d8080000)
  to   space 5120K, 0% used [0x00000000d8080000,0x00000000d8080000,0x00000000d8580000)
 ParOldGen       total 87552K, used 8K [0x0000000081000000, 0x0000000086580000, 0x00000000d5b00000)
  object space 87552K, 0% used [0x0000000081000000,0x0000000081002000,0x0000000086580000)
 Metaspace       used 17138K, capacity 17352K, committed 17664K, reserved 1064960K
  class space    used 2137K, capacity 2200K, committed 2304K, reserved 1048576K
Event: 5.493 GC heap after
Heap after GC invocations=2 (full 0):
 PSYoungGen      total 38400K, used 5115K [0x00000000d5b00000, 0x00000000d8580000, 0x0000000100000000)
  eden space 33280K, 0% used [0x00000000d5b00000,0x00000000d5b00000,0x00000000d7b80000)
  from space 5120K, 99% used [0x00000000d8080000,0x00000000d857ef20,0x00000000d8580000)
  to   space 5120K, 0% used [0x00000000d7b80000,0x00000000d7b80000,0x00000000d8080000)
 ParOldGen       total 87552K, used 5783K [0x0000000081000000, 0x0000000086580000, 0x00000000d5b00000)
  object space 87552K, 6% used [0x0000000081000000,0x00000000815a5c18,0x0000000086580000)
 Metaspace       used 17138K, capacity 17352K, committed 17664K, reserved 1064960K
  class space    used 2137K, capacity 2200K, committed 2304K, reserved 1048576K
}
Event: 6.395 GC heap before
{Heap before GC invocations=3 (full 0):
 PSYoungGen      total 38400K, used 38395K [0x00000000d5b00000, 0x00000000d8580000, 0x0000000100000000)
  eden space 33280K, 100% used [0x00000000d5b00000,0x00000000d7b80000,0x00000000d7b80000)
  from space 5120K, 99% used [0x00000000d8080000,0x00000000d857ef20,0x00000000d8580000)
  to   space 5120K, 0% used [0x00000000d7b80000,0x00000000d7b80000,0x00000000d8080000)
 ParOldGen       total 87552K, used 5783K [0x0000000081000000, 0x0000000086580000, 0x00000000d5b00000)
  object space 87552K, 6% used [0x0000000081000000,0x00000000815a5c18,0x0000000086580000)
 Metaspace       used 19843K, capacity 20168K, committed 20224K, reserved 1067008K
  class space    used 2419K, capacity 2515K, committed 2560K, reserved 1048576K
Event: 6.601 GC heap after
Heap after GC invocations=3 (full 0):
 PSYoungGen      total 38400K, used 5115K [0x00000000d5b00000, 0x00000000da600000, 0x0000000100000000)
  eden space 33280K, 0% used [0x00000000d5b00000,0x00000000d5b00000,0x00000000d7b80000)
  from space 5120K, 99% used [0x00000000d7b80000,0x00000000d807ec30,0x00000000d8080000)
  to   space 5120K, 0% used [0x00000000da100000,0x00000000da100000,0x00000000da600000)
 ParOldGen       total 87552K, used 8933K [0x0000000081000000, 0x0000000086580000, 0x00000000d5b00000)
  object space 87552K, 10% used [0x0000000081000000,0x00000000818b97b0,0x0000000086580000)
 Metaspace       used 19843K, capacity 20168K, committed 20224K, reserved 1067008K
  class space    used 2419K, capacity 2515K, committed 2560K, reserved 1048576K
}
Event: 7.233 GC heap before
{Heap before GC invocations=4 (full 0):
 PSYoungGen      total 38400K, used 37630K [0x00000000d5b00000, 0x00000000da600000, 0x0000000100000000)
  eden space 33280K, 97% used [0x00000000d5b00000,0x00000000d7ac0f28,0x00000000d7b80000)
  from space 5120K, 99% used [0x00000000d7b80000,0x00000000d807ec30,0x00000000d8080000)
  to   space 5120K, 0% used [0x00000000da100000,0x00000000da100000,0x00000000da600000)
 ParOldGen       total 87552K, used 8933K [0x0000000081000000, 0x0000000086580000, 0x00000000d5b00000)
  object space 87552K, 10% used [0x0000000081000000,0x00000000818b97b0,0x0000000086580000)
 Metaspace       used 20858K, capacity 21146K, committed 21296K, reserved 1069056K
  class space    used 2551K, capacity 2646K, committed 2688K, reserved 1048576K
Event: 7.273 GC heap after
Heap after GC invocations=4 (full 0):
 PSYoungGen      total 71680K, used 5104K [0x00000000d5b00000, 0x00000000da600000, 0x0000000100000000)
  eden space 66560K, 0% used [0x00000000d5b00000,0x00000000d5b00000,0x00000000d9c00000)
  from space 5120K, 99% used [0x00000000da100000,0x00000000da5fc010,0x00000000da600000)
  to   space 5120K, 0% used [0x00000000d9c00000,0x00000000d9c00000,0x00000000da100000)
 ParOldGen       total 87552K, used 11566K [0x0000000081000000, 0x0000000086580000, 0x00000000d5b00000)
  object space 87552K, 13% used [0x0000000081000000,0x0000000081b4b850,0x0000000086580000)
 Metaspace       used 20858K, capacity 21146K, committed 21296K, reserved 1069056K
  class space    used 2551K, capacity 2646K, committed 2688K, reserved 1048576K
}
Event: 7.273 GC heap before
{Heap before GC invocations=5 (full 1):
 PSYoungGen      total 71680K, used 5104K [0x00000000d5b00000, 0x00000000da600000, 0x0000000100000000)
  eden space 66560K, 0% used [0x00000000d5b00000,0x00000000d5b00000,0x00000000d9c00000)
  from space 5120K, 99% used [0x00000000da100000,0x00000000da5fc010,0x00000000da600000)
  to   space 5120K, 0% used [0x00000000d9c00000,0x00000000d9c00000,0x00000000da100000)
 ParOldGen       total 87552K, used 11566K [0x0000000081000000, 0x0000000086580000, 0x00000000d5b00000)
  object space 87552K, 13% used [0x0000000081000000,0x0000000081b4b850,0x0000000086580000)
 Metaspace       used 20858K, capacity 21146K, committed 21296K, reserved 1069056K
  class space    used 2551K, capacity 2646K, committed 2688K, reserved 1048576K
Event: 7.400 GC heap after
Heap after GC invocations=5 (full 1):
 PSYoungGen      total 71680K, used 0K [0x00000000d5b00000, 0x00000000da600000, 0x0000000100000000)
  eden space 66560K, 0% used [0x00000000d5b00000,0x00000000d5b00000,0x00000000d9c00000)
  from space 5120K, 0% used [0x00000000da100000,0x00000000da100000,0x00000000da600000)
  to   space 5120K, 0% used [0x00000000d9c00000,0x00000000d9c00000,0x00000000da100000)
 ParOldGen       total 56832K, used 10954K [0x0000000081000000, 0x0000000084780000, 0x00000000d5b00000)
  object space 56832K, 19% used [0x0000000081000000,0x0000000081ab2a40,0x0000000084780000)
 Metaspace       used 20858K, capacity 21146K, committed 21296K, reserved 1069056K
  class space    used 2551K, capacity 2646K, committed 2688K, reserved 1048576K
}
Event: 9.445 GC heap before
{Heap before GC invocations=6 (full 1):
 PSYoungGen      total 71680K, used 66560K [0x00000000d5b00000, 0x00000000da600000, 0x0000000100000000)
  eden space 66560K, 100% used [0x00000000d5b00000,0x00000000d9c00000,0x00000000d9c00000)
  from space 5120K, 0% used [0x00000000da100000,0x00000000da100000,0x00000000da600000)
  to   space 5120K, 0% used [0x00000000d9c00000,0x00000000d9c00000,0x00000000da100000)
 ParOldGen       total 56832K, used 10954K [0x0000000081000000, 0x0000000084780000, 0x00000000d5b00000)
  object space 56832K, 19% used [0x0000000081000000,0x0000000081ab2a40,0x0000000084780000)
 Metaspace       used 26815K, capacity 27160K, committed 27520K, reserved 1073152K
  class space    used 3288K, capacity 3387K, committed 3456K, reserved 1048576K
Event: 9.469 GC heap after
Heap after GC invocations=6 (full 1):
 PSYoungGen      total 71680K, used 5098K [0x00000000d5b00000, 0x00000000da600000, 0x0000000100000000)
  eden space 66560K, 0% used [0x00000000d5b00000,0x00000000d5b00000,0x00000000d9c00000)
  from space 5120K, 99% used [0x00000000d9c00000,0x00000000da0faaf0,0x00000000da100000)
  to   space 5120K, 0% used [0x00000000da100000,0x00000000da100000,0x00000000da600000)
 ParOldGen       total 56832K, used 14168K [0x0000000081000000, 0x0000000084780000, 0x00000000d5b00000)
  object space 56832K, 24% used [0x0000000081000000,0x0000000081dd6100,0x0000000084780000)
 Metaspace       used 26815K, capacity 27160K, committed 27520K, reserved 1073152K
  class space    used 3288K, capacity 3387K, committed 3456K, reserved 1048576K
}

Deoptimization events (10 events):
Event: 9.706 Thread 0x000000005b876800 Uncommon trap: reason=unstable_if action=reinterpret pc=0x0000000002f6306c method=org.springframework.util.ConcurrentReferenceHashMap$Segment.findInChain(Lorg/springframework/util/ConcurrentReferenceHashMap$Reference;Ljava/lang/Object;I)Lorg/springframewor
Event: 9.804 Thread 0x000000005b876800 Uncommon trap: reason=bimorphic action=maybe_recompile pc=0x0000000002fb952c method=java.util.AbstractCollection.toArray()[Ljava/lang/Object; @ 9
Event: 9.805 Thread 0x000000005b876800 Uncommon trap: reason=bimorphic action=maybe_recompile pc=0x0000000002fb952c method=java.util.AbstractCollection.toArray()[Ljava/lang/Object; @ 9
Event: 10.004 Thread 0x000000005b876800 Uncommon trap: reason=class_check action=maybe_recompile pc=0x0000000002f09f10 method=java.lang.reflect.Array.newInstance(Ljava/lang/Class;I)Ljava/lang/Object; @ 2
Event: 10.004 Thread 0x000000005b876800 Uncommon trap: reason=class_check action=maybe_recompile pc=0x0000000002f09f10 method=java.lang.reflect.Array.newInstance(Ljava/lang/Class;I)Ljava/lang/Object; @ 2
Event: 10.004 Thread 0x000000005b876800 Uncommon trap: reason=class_check action=maybe_recompile pc=0x0000000002f09f10 method=java.lang.reflect.Array.newInstance(Ljava/lang/Class;I)Ljava/lang/Object; @ 2
Event: 10.004 Thread 0x000000005b876800 Uncommon trap: reason=class_check action=maybe_recompile pc=0x0000000002f09f10 method=java.lang.reflect.Array.newInstance(Ljava/lang/Class;I)Ljava/lang/Object; @ 2
Event: 10.012 Thread 0x000000005b876800 Uncommon trap: reason=unstable_if action=reinterpret pc=0x00000000031a1e9c method=java.util.concurrent.ConcurrentHashMap.putVal(Ljava/lang/Object;Ljava/lang/Object;Z)Ljava/lang/Object; @ 331
Event: 10.013 Thread 0x000000005b876800 Uncommon trap: reason=unstable_if action=reinterpret pc=0x000000000296ec74 method=java.util.concurrent.ConcurrentHashMap.get(Ljava/lang/Object;)Ljava/lang/Object; @ 86
Event: 10.091 Thread 0x000000005b876800 Uncommon trap: reason=unstable_if action=reinterpret pc=0x00000000031cec84 method=java.lang.Class.cast(Ljava/lang/Object;)Ljava/lang/Object; @ 1

Internal exceptions (10 events):
Event: 9.999 Thread 0x000000005b876800 Exception <a 'java/lang/ClassNotFoundException': com/fasterxml/jackson/core/TreeCodecCustomizer> (0x00000000d6f071e0) thrown at [C:\re\workspace\8-2-build-windows-amd64-cygwin\jdk8u66\5298\hotspot\src\share\vm\classfile\systemDictionary.cpp, line 210]
Event: 10.000 Thread 0x000000005b876800 Exception <a 'java/lang/ClassNotFoundException': com/fasterxml/jackson/core/ObjectCodecCustomizer> (0x00000000d6f1add0) thrown at [C:\re\workspace\8-2-build-windows-amd64-cygwin\jdk8u66\5298\hotspot\src\share\vm\classfile\systemDictionary.cpp, line 210]
Event: 10.002 Thread 0x000000005b876800 Exception <a 'java/lang/ClassNotFoundException': com/fasterxml/jackson/databind/ObjectMapperCustomizer> (0x00000000d6f44358) thrown at [C:\re\workspace\8-2-build-windows-amd64-cygwin\jdk8u66\5298\hotspot\src\share\vm\classfile\systemDictionary.cpp, line 21
Event: 10.053 Thread 0x000000005b876800 Exception <a 'java/lang/ClassNotFoundException': java/lang/ObjectCustomizer> (0x00000000d71c1548) thrown at [C:\re\workspace\8-2-build-windows-amd64-cygwin\jdk8u66\5298\hotspot\src\share\vm\classfile\systemDictionary.cpp, line 210]
Event: 10.054 Thread 0x000000005b876800 Exception <a 'java/lang/ClassNotFoundException': org/springframework/http/converter/AbstractHttpMessageConverterCustomizer> (0x00000000d71d6ea8) thrown at [C:\re\workspace\8-2-build-windows-amd64-cygwin\jdk8u66\5298\hotspot\src\share\vm\classfile\systemDicÌô¶ù$@
Event: 10.055 Thread 0x000000005b876800 Exception <a 'java/lang/ClassNotFoundException': org/springframework/http/converter/AbstractGenericHttpMessageConverterCustomizer> (0x00000000d71f1e30) thrown at [C:\re\workspace\8-2-build-windows-amd64-cygwin\jdk8u66\5298\hotspot\src\share\vm\classfile\syS=Ðz•$@
Event: 10.056 Thread 0x000000005b876800 Exception <a 'java/lang/ClassNotFoundException': org/springframework/http/converter/json/AbstractJackson2HttpMessageConverterCustomizer> (0x00000000d720edb0) thrown at [C:\re\workspace\8-2-build-windows-amd64-cygwin\jdk8u66\5298\hotspot\src\share\vm\classfækéù5$@
Event: 10.057 Thread 0x000000005b876800 Exception <a 'java/lang/ClassNotFoundException': org/springframework/http/converter/json/MappingJackson2HttpMessageConverterCustomizer> (0x00000000d72325a0) thrown at [C:\re\workspace\8-2-build-windows-amd64-cygwin\jdk8u66\5298\hotspot\src\share\vm\classfi6Ùm¹Œ>$@
Event: 10.122 Thread 0x000000005b876800 Exception <a 'java/lang/ClassNotFoundException': java/lang/ObjectCustomizer> (0x00000000d742ca58) thrown at [C:\re\workspace\8-2-build-windows-amd64-cygwin\jdk8u66\5298\hotspot\src\share\vm\classfile\systemDictionary.cpp, line 210]
Event: 10.123 Thread 0x000000005b876800 Exception <a 'java/lang/ClassNotFoundException': org/springframework/boot/autoconfigure/web/HttpMessageConvertersCustomizer> (0x00000000d7442130) thrown at [C:\re\workspace\8-2-build-windows-amd64-cygwin\jdk8u66\5298\hotspot\src\share\vm\classfile\systemDiT•­ÿ#@

Events (10 events):
Event: 10.122 loading class java/lang/ObjectCustomizer
Event: 10.122 loading class java/lang/ObjectCustomizer done
Event: 10.122 loading class java/lang/ObjectCustomizer
Event: 10.122 loading class java/lang/ObjectCustomizer done
Event: 10.122 loading class org/springframework/boot/autoconfigure/web/HttpMessageConvertersCustomizer
Event: 10.122 loading class org/springframework/boot/autoconfigure/web/HttpMessageConvertersCustomizer done
Event: 10.122 loading class org/springframework/boot/autoconfigure/web/HttpMessageConvertersCustomizer
Event: 10.122 loading class org/springframework/boot/autoconfigure/web/HttpMessageConvertersCustomizer done
Event: 10.123 loading class org/springframework/boot/autoconfigure/web/HttpMessageConvertersCustomizer
Event: 10.123 loading class org/springframework/boot/autoconfigure/web/HttpMessageConvertersCustomizer done


Dynamic libraries:
0x000000013fc60000 - 0x000000013fc97000 	C:\Program Files\Java\jdk1.8.0_66\bin\javaw.exe
0x0000000076d30000 - 0x0000000076ed9000 	C:\windows\SYSTEM32\ntdll.dll
0x0000000076c10000 - 0x0000000076d30000 	C:\windows\system32\kernel32.dll
0x000007fefcb70000 - 0x000007fefcbdc000 	C:\windows\system32\KERNELBASE.dll
0x000007fefce90000 - 0x000007fefcf6b000 	C:\windows\system32\ADVAPI32.dll
0x000007fefe300000 - 0x000007fefe39f000 	C:\windows\system32\msvcrt.dll
0x000007fefecb0000 - 0x000007fefeccf000 	C:\windows\SYSTEM32\sechost.dll
0x000007fefe1d0000 - 0x000007fefe2fd000 	C:\windows\system32\RPCRT4.dll
0x0000000076b10000 - 0x0000000076c0a000 	C:\windows\system32\USER32.dll
0x000007fefe650000 - 0x000007fefe6b7000 	C:\windows\system32\GDI32.dll
0x000007fefcfe0000 - 0x000007fefcfee000 	C:\windows\system32\LPK.dll
0x000007fefe440000 - 0x000007fefe509000 	C:\windows\system32\USP10.dll
0x000007fefba30000 - 0x000007fefbc24000 	C:\windows\WinSxS\amd64_microsoft.windows.common-controls_6595b64144ccf1df_6.0.7601.18837_none_fa3b1e3d17594757\COMCTL32.dll
0x000007fefe150000 - 0x000007fefe1c1000 	C:\windows\system32\SHLWAPI.dll
0x000007fefe120000 - 0x000007fefe14e000 	C:\windows\system32\IMM32.DLL
0x000007fefeba0000 - 0x000007fefeca9000 	C:\windows\system32\MSCTF.dll
0x000000005f7a0000 - 0x000000005f80c000 	c:\program files (x86)\f-secure\hips\fshook64.dll
0x0000000076f00000 - 0x0000000076f07000 	C:\windows\system32\PSAPI.DLL
0x0000000079520000 - 0x00000000795f2000 	C:\Program Files\Java\jdk1.8.0_66\jre\bin\msvcr100.dll
0x000000006f690000 - 0x000000006ff19000 	C:\Program Files\Java\jdk1.8.0_66\jre\bin\server\jvm.dll
0x000007fef6830000 - 0x000007fef6839000 	C:\windows\system32\WSOCK32.dll
0x000007fefdd80000 - 0x000007fefddcd000 	C:\windows\system32\WS2_32.dll
0x000007fefcf70000 - 0x000007fefcf78000 	C:\windows\system32\NSI.dll
0x000007fefb730000 - 0x000007fefb76b000 	C:\windows\system32\WINMM.dll
0x000007fefbe10000 - 0x000007fefbe1c000 	C:\windows\system32\VERSION.dll
0x000000005e4d0000 - 0x000000005e4df000 	C:\Program Files\Java\jdk1.8.0_66\jre\bin\verify.dll
0x000000006d720000 - 0x000000006d749000 	C:\Program Files\Java\jdk1.8.0_66\jre\bin\java.dll
0x0000000070c20000 - 0x0000000070c36000 	C:\Program Files\Java\jdk1.8.0_66\jre\bin\zip.dll
0x000007fefcff0000 - 0x000007fefdd79000 	C:\windows\system32\SHELL32.dll
0x000007fefe6c0000 - 0x000007fefe8c3000 	C:\windows\system32\ole32.dll
0x000007fefcae0000 - 0x000007fefcaef000 	C:\windows\system32\profapi.dll
0x000000005a240000 - 0x000000005a24d000 	C:\Program Files\Java\jdk1.8.0_66\jre\bin\management.dll
0x00000000701c0000 - 0x00000000701da000 	C:\Program Files\Java\jdk1.8.0_66\jre\bin\net.dll
0x000007fefc2b0000 - 0x000007fefc305000 	C:\windows\system32\mswsock.dll
0x000007fefc2a0000 - 0x000007fefc2a7000 	C:\windows\System32\wship6.dll
0x00000000022e0000 - 0x00000000022f1000 	C:\Program Files\Java\jdk1.8.0_66\jre\bin\nio.dll
0x000007fef9eb0000 - 0x000007fef9ec5000 	C:\windows\system32\NLAapi.dll
0x000007fef1b00000 - 0x000007fef1b15000 	C:\windows\system32\napinsp.dll
0x000007fef1ae0000 - 0x000007fef1af9000 	C:\windows\system32\pnrpnsp.dll
0x000007fefc130000 - 0x000007fefc18b000 	C:\windows\system32\DNSAPI.dll
0x000007fef1ad0000 - 0x000007fef1adb000 	C:\windows\System32\winrnr.dll
0x000007fef0b30000 - 0x000007fef0b40000 	C:\windows\system32\wshbth.dll
0x000007fefb860000 - 0x000007fefb867000 	C:\windows\System32\wshtcpip.dll
0x000007fefa590000 - 0x000007fefa5b7000 	C:\windows\system32\IPHLPAPI.DLL
0x000007fefa540000 - 0x000007fefa54b000 	C:\windows\system32\WINNSI.DLL
0x000007fef30c0000 - 0x000007fef30c8000 	C:\windows\system32\rasadhlp.dll
0x000007fef9160000 - 0x000007fef91b3000 	C:\windows\System32\fwpuclnt.dll
0x000007fefc310000 - 0x000007fefc328000 	C:\windows\system32\CRYPTSP.dll
0x000007fefc010000 - 0x000007fefc057000 	C:\windows\system32\rsaenh.dll
0x000007fefcdb0000 - 0x000007fefcdce000 	C:\windows\system32\USERENV.dll
0x000007fefc970000 - 0x000007fefc97f000 	C:\windows\system32\CRYPTBASE.dll
0x000007fefa520000 - 0x000007fefa538000 	C:\windows\system32\dhcpcsvc.DLL
0x000007fef9130000 - 0x000007fef9141000 	C:\windows\system32\dhcpcsvc6.DLL

VM Arguments:
jvm_args: -Dcom.sun.management.jmxremote -Dcom.sun.management.jmxremote.port=11198 -Dcom.sun.management.jmxremote.authenticate=false -Dcom.sun.management.jmxremote.ssl=false -Dspring.liveBeansView.mbeanDomain -Dspring.application.admin.enabled=true -Dfile.encoding=UTF-8 
java_command: dim.livi.digiroad.reporttool.DrReportApplication
java_class_path (initial): C:\TYO\STSworkspace\DRReport\target\classes;C:\Users\mikaleh\.m2\repository\org\springframework\boot\spring-boot-starter-jdbc\1.3.5.RELEASE\spring-boot-starter-jdbc-1.3.5.RELEASE.jar;C:\Users\mikaleh\.m2\repository\org\springframework\boot\spring-boot-starter\1.3.5.RELEASE\spring-boot-starter-1.3.5.RELEASE.jar;C:\Users\mikaleh\.m2\repository\org\springframework\boot\spring-boot\1.3.5.RELEASE\spring-boot-1.3.5.RELEASE.jar;C:\Users\mikaleh\.m2\repository\org\springframework\boot\spring-boot-autoconfigure\1.3.5.RELEASE\spring-boot-autoconfigure-1.3.5.RELEASE.jar;C:\Users\mikaleh\.m2\repository\org\springframework\boot\spring-boot-starter-logging\1.3.5.RELEASE\spring-boot-starter-logging-1.3.5.RELEASE.jar;C:\Users\mikaleh\.m2\repository\ch\qos\logback\logback-classic\1.1.7\logback-classic-1.1.7.jar;C:\Users\mikaleh\.m2\repository\ch\qos\logback\logback-core\1.1.7\logback-core-1.1.7.jar;C:\Users\mikaleh\.m2\repository\org\slf4j\slf4j-api\1.7.21\slf4j-api-1.7.21.jar;C:\Users\mikaleh\.m2\repository\org\slf4j\jcl-over-slf4j\1.7.21\jcl-over-slf4j-1.7.21.jar;C:\Users\mikaleh\.m2\repository\org\slf4j\jul-to-slf4j\1.7.21\jul-to-slf4j-1.7.21.jar;C:\Users\mikaleh\.m2\repository\org\slf4j\log4j-over-slf4j\1.7.21\log4j-over-slf4j-1.7.21.jar;C:\Users\mikaleh\.m2\repository\org\yaml\snakeyaml\1.16\snakeyaml-1.16.jar;C:\Users\mikaleh\.m2\repository\org\apache\tomcat\tomcat-jdbc\8.0.33\tomcat-jdbc-8.0.33.jar;C:\Users\mikaleh\.m2\repository\org\apache\tomcat\tomcat-juli\8.0.33\tomcat-juli-8.0.33.jar;C:\Users\mikaleh\.m2\repository\org\springframework\spring-jdbc\4.2.6.RELEASE\spring-jdbc-4.2.6.RELEASE.jar;C:\Users\mikaleh\.m2\repository\org\springframework\spring-beans\4.2.6.RELEASE\spring-beans-4.2.6.RELEASE.jar;C:\Users\mikaleh\.m2\repository\org\springframework\spring-tx\4.2.6.RELEASE\spring-tx-4.2.6.RELEASE.jar;C:\Users\mikaleh\.m2\repository\org\springframework\boot\spring-boot-starter-web\1.3.5.RELEASE\spring-boot-starter-web-1.3.5.RELEASE.jar;C:\Users
Launcher Type: SUN_STANDARD

Environment Variables:
JAVA_HOME=C:\Program Files\Java\jdk1.7.0_75
USERNAME=mikaleh
OS=Windows_NT
PROCESSOR_IDENTIFIER=Intel64 Family 6 Model 58 Stepping 9, GenuineIntel



---------------  S Y S T E M  ---------------

OS: Windows 7 , 64 bit Build 7601 (6.1.7601.19018)

CPU:total 4 (2 cores per cpu, 2 threads per core) family 6 model 58 stepping 9, cmov, cx8, fxsr, mmx, sse, sse2, sse3, ssse3, sse4.1, sse4.2, popcnt, avx, aes, clmul, erms, ht, tsc, tscinvbit, tscinv

Memory: 4k page, physical 8320684k(213904k free), swap 10494632k(5124k free)

vm_info: Java HotSpot(TM) 64-Bit Server VM (25.66-b18) for windows-amd64 JRE (1.8.0_66-b18), built on Nov  9 2015 10:51:13 by "java_re" with MS VC++ 10.0 (VS2010)

time: Tue Jun 21 20:41:38 2016
elapsed time: 10 seconds (0d 0h 0m 10s)

